# JRE version: OpenJDK Runtime Environment (17.0.6) (build 17.0.6+0-b2043.56-10027231)
# Java VM: OpenJDK 64-Bit Server VM (17.0.6+0-b2043.56-10027231, mixed mode, tiered, compressed oops, compressed class ptrs, g1 gc, windows-amd64)
GC Precious Log:
 CPUs: 4 total, 4 available
 Memory: 8077M
 Large Page Support: Disabled
 NUMA Support: Disabled
 Compressed Oops: Enabled (32-bit)
 Heap Region Size: 1M
 Heap Min Capacity: 8M
 Heap Initial Capacity: 128M
 Heap Max Capacity: 1536M
 Pre-touch: Disabled
 Parallel Workers: 4
 Concurrent Workers: 1
 Concurrent Refinement Workers: 4
 Periodic GC: Disabled
Heap:
 garbage-first heap   total 164864K, used 110736K [0x00000000a0000000, 0x0000000100000000)
  region size 1024K, 43 young (44032K), 8 survivors (8192K)
 Metaspace       used 88832K, committed 89536K, reserved 1130496K
  class space    used 12164K, committed 12480K, reserved 1048576K
GC Heap History (20 events):
Event: 65.125 GC heap before
{Heap before GC invocations=25 (full 0):
 garbage-first heap   total 92160K, used 54333K [0x00000000a0000000, 0x0000000100000000)
  region size 1024K, 4 young (4096K), 1 survivors (1024K)
 Metaspace       used 51902K, committed 52352K, reserved 1097728K
  class space    used 6886K, committed 7104K, reserved 1048576K
}
Event: 65.129 GC heap after
{Heap after GC invocations=26 (full 0):
 garbage-first heap   total 92160K, used 50946K [0x00000000a0000000, 0x0000000100000000)
  region size 1024K, 1 young (1024K), 1 survivors (1024K)
 Metaspace       used 51902K, committed 52352K, reserved 1097728K
  class space    used 6886K, committed 7104K, reserved 1048576K
}
Event: 66.057 GC heap before
{Heap before GC invocations=26 (full 0):
 garbage-first heap   total 92160K, used 73474K [0x00000000a0000000, 0x0000000100000000)
  region size 1024K, 23 young (23552K), 1 survivors (1024K)
 Metaspace       used 54521K, committed 55040K, reserved 1097728K
  class space    used 7274K, committed 7552K, reserved 1048576K
}
Event: 66.063 GC heap after
{Heap after GC invocations=27 (full 0):
 garbage-first heap   total 92160K, used 51934K [0x00000000a0000000, 0x0000000100000000)
  region size 1024K, 2 young (2048K), 2 survivors (2048K)
 Metaspace       used 54521K, committed 55040K, reserved 1097728K
  class space    used 7274K, committed 7552K, reserved 1048576K
}
Event: 67.308 GC heap before
{Heap before GC invocations=28 (full 0):
 garbage-first heap   total 92160K, used 74462K [0x00000000a0000000, 0x0000000100000000)
  region size 1024K, 24 young (24576K), 2 survivors (2048K)
 Metaspace       used 56705K, committed 57280K, reserved 1105920K
  class space    used 7614K, committed 7872K, reserved 1048576K
}
Event: 67.317 GC heap after
{Heap after GC invocations=29 (full 0):
 garbage-first heap   total 92160K, used 52913K [0x00000000a0000000, 0x0000000100000000)
  region size 1024K, 3 young (3072K), 3 survivors (3072K)
 Metaspace       used 56705K, committed 57280K, reserved 1105920K
  class space    used 7614K, committed 7872K, reserved 1048576K
}
Event: 67.387 GC heap before
{Heap before GC invocations=29 (full 0):
 garbage-first heap   total 92160K, used 53937K [0x00000000a0000000, 0x0000000100000000)
  region size 1024K, 4 young (4096K), 3 survivors (3072K)
 Metaspace       used 56803K, committed 57344K, reserved 1105920K
  class space    used 7632K, committed 7872K, reserved 1048576K
}
Event: 67.394 GC heap after
{Heap after GC invocations=30 (full 0):
 garbage-first heap   total 92160K, used 52964K [0x00000000a0000000, 0x0000000100000000)
  region size 1024K, 1 young (1024K), 1 survivors (1024K)
 Metaspace       used 56803K, committed 57344K, reserved 1105920K
  class space    used 7632K, committed 7872K, reserved 1048576K
}
Event: 68.359 GC heap before
{Heap before GC invocations=30 (full 0):
 garbage-first heap   total 92160K, used 75492K [0x00000000a0000000, 0x0000000100000000)
  region size 1024K, 23 young (23552K), 1 survivors (1024K)
 Metaspace       used 59373K, committed 59904K, reserved 1105920K
  class space    used 7993K, committed 8256K, reserved 1048576K
}
Event: 68.366 GC heap after
{Heap after GC invocations=31 (full 0):
 garbage-first heap   total 164864K, used 53084K [0x00000000a0000000, 0x0000000100000000)
  region size 1024K, 1 young (1024K), 1 survivors (1024K)
 Metaspace       used 59373K, committed 59904K, reserved 1105920K
  class space    used 7993K, committed 8256K, reserved 1048576K
}
Event: 72.196 GC heap before
{Heap before GC invocations=31 (full 0):
 garbage-first heap   total 164864K, used 132956K [0x00000000a0000000, 0x0000000100000000)
  region size 1024K, 80 young (81920K), 1 survivors (1024K)
 Metaspace       used 67052K, committed 67648K, reserved 1114112K
  class space    used 9202K, committed 9472K, reserved 1048576K
}
Event: 72.206 GC heap after
{Heap after GC invocations=32 (full 0):
 garbage-first heap   total 164864K, used 56905K [0x00000000a0000000, 0x0000000100000000)
  region size 1024K, 5 young (5120K), 5 survivors (5120K)
 Metaspace       used 67052K, committed 67648K, reserved 1114112K
  class space    used 9202K, committed 9472K, reserved 1048576K
}
Event: 75.297 GC heap before
{Heap before GC invocations=32 (full 0):
 garbage-first heap   total 164864K, used 137801K [0x00000000a0000000, 0x0000000100000000)
  region size 1024K, 78 young (79872K), 5 survivors (5120K)
 Metaspace       used 76129K, committed 76800K, reserved 1122304K
  class space    used 10260K, committed 10560K, reserved 1048576K
}
Event: 75.313 GC heap after
{Heap after GC invocations=33 (full 0):
 garbage-first heap   total 164864K, used 62418K [0x00000000a0000000, 0x0000000100000000)
  region size 1024K, 10 young (10240K), 10 survivors (10240K)
 Metaspace       used 76129K, committed 76800K, reserved 1122304K
  class space    used 10260K, committed 10560K, reserved 1048576K
}
Event: 78.075 GC heap before
{Heap before GC invocations=33 (full 0):
 garbage-first heap   total 164864K, used 133074K [0x00000000a0000000, 0x0000000100000000)
  region size 1024K, 78 young (79872K), 10 survivors (10240K)
 Metaspace       used 80873K, committed 81472K, reserved 1122304K
  class space    used 10865K, committed 11136K, reserved 1048576K
}
Event: 78.099 GC heap after
{Heap after GC invocations=34 (full 0):
 garbage-first heap   total 164864K, used 67948K [0x00000000a0000000, 0x0000000100000000)
  region size 1024K, 6 young (6144K), 6 survivors (6144K)
 Metaspace       used 80873K, committed 81472K, reserved 1122304K
  class space    used 10865K, committed 11136K, reserved 1048576K
}
Event: 79.664 GC heap before
{Heap before GC invocations=34 (full 0):
 garbage-first heap   total 164864K, used 133484K [0x00000000a0000000, 0x0000000100000000)
  region size 1024K, 70 young (71680K), 6 survivors (6144K)
 Metaspace       used 81481K, committed 82176K, reserved 1122304K
  class space    used 10968K, committed 11264K, reserved 1048576K
}
Event: 79.679 GC heap after
{Heap after GC invocations=35 (full 0):
 garbage-first heap   total 164864K, used 72301K [0x00000000a0000000, 0x0000000100000000)
  region size 1024K, 5 young (5120K), 5 survivors (5120K)
 Metaspace       used 81481K, committed 82176K, reserved 1122304K
  class space    used 10968K, committed 11264K, reserved 1048576K
}
Event: 82.173 GC heap before
{Heap before GC invocations=35 (full 0):
 garbage-first heap   total 164864K, used 133741K [0x00000000a0000000, 0x0000000100000000)
  region size 1024K, 65 young (66560K), 5 survivors (5120K)
 Metaspace       used 87492K, committed 88192K, reserved 1130496K
  class space    used 11972K, committed 12288K, reserved 1048576K
}
Event: 82.193 GC heap after
{Heap after GC invocations=36 (full 0):
 garbage-first heap   total 164864K, used 75920K [0x00000000a0000000, 0x0000000100000000)
  region size 1024K, 8 young (8192K), 8 survivors (8192K)
 Metaspace       used 87492K, committed 88192K, reserved 1130496K
  class space    used 11972K, committed 12288K, reserved 1048576K
}

