# JRE version: OpenJDK Runtime Environment (17.0.6) (build 17.0.6+0-b2043.56-10027231)
# Java VM: OpenJDK 64-Bit Server VM (17.0.6+0-b2043.56-10027231, mixed mode, tiered, compressed oops, compressed class ptrs, g1 gc, windows-amd64)
GC Precious Log:
 CPUs: 4 total, 4 available
 Memory: 8077M
 Large Page Support: Disabled
 NUMA Support: Disabled
 Compressed Oops: Enabled (32-bit)
 Heap Region Size: 1M
 Heap Min Capacity: 8M
 Heap Initial Capacity: 128M
 Heap Max Capacity: 1536M
 Pre-touch: Disabled
 Parallel Workers: 4
 Concurrent Workers: 1
 Concurrent Refinement Workers: 4
 Periodic GC: Disabled
Heap:
 garbage-first heap   total 217088K, used 154176K [0x00000000a0000000, 0x0000000100000000)
  region size 1024K, 5 young (5120K), 3 survivors (3072K)
 Metaspace       used 104529K, committed 105600K, reserved 1146880K
  class space    used 14236K, committed 14720K, reserved 1048576K
GC Heap History (20 events):
Event: 40.864 GC heap before
{Heap before GC invocations=56 (full 0):
 garbage-first heap   total 135168K, used 80896K [0x00000000a0000000, 0x0000000100000000)
  region size 1024K, 6 young (6144K), 4 survivors (4096K)
 Metaspace       used 88731K, committed 89472K, reserved 1130496K
  class space    used 12153K, committed 12480K, reserved 1048576K
}
Event: 40.877 GC heap after
{Heap after GC invocations=57 (full 0):
 garbage-first heap   total 135168K, used 79390K [0x00000000a0000000, 0x0000000100000000)
  region size 1024K, 1 young (1024K), 1 survivors (1024K)
 Metaspace       used 88731K, committed 89472K, reserved 1130496K
  class space    used 12153K, committed 12480K, reserved 1048576K
}
Event: 42.803 GC heap before
{Heap before GC invocations=57 (full 0):
 garbage-first heap   total 135168K, used 109086K [0x00000000a0000000, 0x0000000100000000)
  region size 1024K, 31 young (31744K), 1 survivors (1024K)
 Metaspace       used 89898K, committed 90624K, reserved 1130496K
  class space    used 12291K, committed 12608K, reserved 1048576K
}
Event: 42.813 GC heap after
{Heap after GC invocations=58 (full 0):
 garbage-first heap   total 208896K, used 81697K [0x00000000a0000000, 0x0000000100000000)
  region size 1024K, 3 young (3072K), 3 survivors (3072K)
 Metaspace       used 89898K, committed 90624K, reserved 1130496K
  class space    used 12291K, committed 12608K, reserved 1048576K
}
Event: 47.794 GC heap before
{Heap before GC invocations=59 (full 0):
 garbage-first heap   total 208896K, used 164641K [0x00000000a0000000, 0x0000000100000000)
  region size 1024K, 81 young (82944K), 3 survivors (3072K)
 Metaspace       used 92292K, committed 93120K, reserved 1130496K
  class space    used 12637K, committed 12992K, reserved 1048576K
}
Event: 47.829 GC heap after
{Heap after GC invocations=60 (full 0):
 garbage-first heap   total 208896K, used 99258K [0x00000000a0000000, 0x0000000100000000)
  region size 1024K, 11 young (11264K), 11 survivors (11264K)
 Metaspace       used 92292K, committed 93120K, reserved 1130496K
  class space    used 12637K, committed 12992K, reserved 1048576K
}
Event: 47.862 GC heap before
{Heap before GC invocations=60 (full 0):
 garbage-first heap   total 208896K, used 100282K [0x00000000a0000000, 0x0000000100000000)
  region size 1024K, 12 young (12288K), 11 survivors (11264K)
 Metaspace       used 92292K, committed 93120K, reserved 1130496K
  class space    used 12637K, committed 12992K, reserved 1048576K
}
Event: 47.881 GC heap after
{Heap after GC invocations=61 (full 0):
 garbage-first heap   total 208896K, used 100419K [0x00000000a0000000, 0x0000000100000000)
  region size 1024K, 2 young (2048K), 2 survivors (2048K)
 Metaspace       used 92292K, committed 93120K, reserved 1130496K
  class space    used 12637K, committed 12992K, reserved 1048576K
}
Event: 51.215 GC heap before
{Heap before GC invocations=61 (full 0):
 garbage-first heap   total 208896K, used 169027K [0x00000000a0000000, 0x0000000100000000)
  region size 1024K, 61 young (62464K), 2 survivors (2048K)
 Metaspace       used 93151K, committed 94080K, reserved 1130496K
  class space    used 12754K, committed 13120K, reserved 1048576K
}
Event: 51.237 GC heap after
{Heap after GC invocations=62 (full 0):
 garbage-first heap   total 208896K, used 123324K [0x00000000a0000000, 0x0000000100000000)
  region size 1024K, 8 young (8192K), 8 survivors (8192K)
 Metaspace       used 93151K, committed 94080K, reserved 1130496K
  class space    used 12754K, committed 13120K, reserved 1048576K
}
Event: 53.626 GC heap before
{Heap before GC invocations=63 (full 0):
 garbage-first heap   total 217088K, used 165308K [0x00000000a0000000, 0x0000000100000000)
  region size 1024K, 49 young (50176K), 8 survivors (8192K)
 Metaspace       used 98065K, committed 99008K, reserved 1138688K
  class space    used 13475K, committed 13888K, reserved 1048576K
}
Event: 53.645 GC heap after
{Heap after GC invocations=64 (full 0):
 garbage-first heap   total 217088K, used 127954K [0x00000000a0000000, 0x0000000100000000)
  region size 1024K, 4 young (4096K), 4 survivors (4096K)
 Metaspace       used 98065K, committed 99008K, reserved 1138688K
  class space    used 13475K, committed 13888K, reserved 1048576K
}
Event: 53.922 GC heap before
{Heap before GC invocations=64 (full 0):
 garbage-first heap   total 217088K, used 134098K [0x00000000a0000000, 0x0000000100000000)
  region size 1024K, 10 young (10240K), 4 survivors (4096K)
 Metaspace       used 98623K, committed 99520K, reserved 1138688K
  class space    used 13558K, committed 13952K, reserved 1048576K
}
Event: 53.933 GC heap after
{Heap after GC invocations=65 (full 0):
 garbage-first heap   total 217088K, used 128418K [0x00000000a0000000, 0x0000000100000000)
  region size 1024K, 1 young (1024K), 1 survivors (1024K)
 Metaspace       used 98623K, committed 99520K, reserved 1138688K
  class space    used 13558K, committed 13952K, reserved 1048576K
}
Event: 55.987 GC heap before
{Heap before GC invocations=65 (full 0):
 garbage-first heap   total 217088K, used 173474K [0x00000000a0000000, 0x0000000100000000)
  region size 1024K, 45 young (46080K), 1 survivors (1024K)
 Metaspace       used 100783K, committed 101696K, reserved 1138688K
  class space    used 13815K, committed 14208K, reserved 1048576K
}
Event: 56.006 GC heap after
{Heap after GC invocations=66 (full 0):
 garbage-first heap   total 217088K, used 135851K [0x00000000a0000000, 0x0000000100000000)
  region size 1024K, 6 young (6144K), 6 survivors (6144K)
 Metaspace       used 100783K, committed 101696K, reserved 1138688K
  class space    used 13815K, committed 14208K, reserved 1048576K
}
Event: 57.866 GC heap before
{Heap before GC invocations=66 (full 0):
 garbage-first heap   total 217088K, used 174763K [0x00000000a0000000, 0x0000000100000000)
  region size 1024K, 45 young (46080K), 6 survivors (6144K)
 Metaspace       used 101454K, committed 102464K, reserved 1138688K
  class space    used 13895K, committed 14336K, reserved 1048576K
}
Event: 57.898 GC heap after
{Heap after GC invocations=67 (full 0):
 garbage-first heap   total 217088K, used 144249K [0x00000000a0000000, 0x0000000100000000)
  region size 1024K, 6 young (6144K), 6 survivors (6144K)
 Metaspace       used 101454K, committed 102464K, reserved 1138688K
  class space    used 13895K, committed 14336K, reserved 1048576K
}
Event: 59.132 GC heap before
{Heap before GC invocations=67 (full 0):
 garbage-first heap   total 217088K, used 175993K [0x00000000a0000000, 0x0000000100000000)
  region size 1024K, 38 young (38912K), 6 survivors (6144K)
 Metaspace       used 103308K, committed 104320K, reserved 1138688K
  class space    used 14079K, committed 14528K, reserved 1048576K
}
Event: 59.153 GC heap after
{Heap after GC invocations=68 (full 0):
 garbage-first heap   total 217088K, used 150191K [0x00000000a0000000, 0x0000000100000000)
  region size 1024K, 5 young (5120K), 5 survivors (5120K)
 Metaspace       used 103308K, committed 104320K, reserved 1138688K
  class space    used 14079K, committed 14528K, reserved 1048576K
}

